{"/Users/moussia/Desktop/esgi/2em année/2em semestre/projettestfonctionnel/app.js": {"path":"/Users/moussia/Desktop/esgi/2em année/2em semestre/projettestfonctionnel/app.js","statementMap":{"0":{"start":{"line":1,"column":16},"end":{"line":1,"column":34}},"1":{"start":{"line":2,"column":17},"end":{"line":2,"column":36}},"2":{"start":{"line":3,"column":17},"end":{"line":3,"column":36}},"3":{"start":{"line":4,"column":16},"end":{"line":4,"column":42}},"4":{"start":{"line":5,"column":21},"end":{"line":5,"column":49}},"5":{"start":{"line":6,"column":21},"end":{"line":6,"column":49}},"6":{"start":{"line":7,"column":25},"end":{"line":7,"column":57}},"7":{"start":{"line":8,"column":11},"end":{"line":8,"column":40}},"8":{"start":{"line":9,"column":19},"end":{"line":9,"column":46}},"9":{"start":{"line":10,"column":25},"end":{"line":10,"column":54}},"10":{"start":{"line":14,"column":12},"end":{"line":14,"column":21}},"11":{"start":{"line":16,"column":0},"end":{"line":16,"column":27}},"12":{"start":{"line":17,"column":0},"end":{"line":17,"column":24}},"13":{"start":{"line":19,"column":0},"end":{"line":26,"column":2}},"14":{"start":{"line":20,"column":2},"end":{"line":24,"column":3}},"15":{"start":{"line":21,"column":4},"end":{"line":23,"column":6}},"16":{"start":{"line":22,"column":6},"end":{"line":22,"column":56}},"17":{"start":{"line":29,"column":0},"end":{"line":29,"column":23}},"18":{"start":{"line":32,"column":0},"end":{"line":43,"column":2}},"19":{"start":{"line":45,"column":0},"end":{"line":45,"column":31}},"20":{"start":{"line":46,"column":0},"end":{"line":46,"column":28}},"21":{"start":{"line":50,"column":0},"end":{"line":50,"column":32}},"22":{"start":{"line":51,"column":0},"end":{"line":51,"column":32}},"23":{"start":{"line":52,"column":0},"end":{"line":52,"column":40}},"24":{"start":{"line":53,"column":0},"end":{"line":53,"column":32}},"25":{"start":{"line":56,"column":15},"end":{"line":62,"column":1}},"26":{"start":{"line":57,"column":2},"end":{"line":57,"column":23}},"27":{"start":{"line":58,"column":2},"end":{"line":58,"column":26}},"28":{"start":{"line":59,"column":2},"end":{"line":59,"column":25}},"29":{"start":{"line":60,"column":2},"end":{"line":60,"column":19}},"30":{"start":{"line":61,"column":2},"end":{"line":61,"column":9}},"31":{"start":{"line":64,"column":0},"end":{"line":64,"column":16}},"32":{"start":{"line":66,"column":0},"end":{"line":68,"column":3}},"33":{"start":{"line":67,"column":2},"end":{"line":67,"column":32}},"34":{"start":{"line":70,"column":0},"end":{"line":70,"column":24}}},"fnMap":{"0":{"name":"(anonymous_0)","decl":{"start":{"line":19,"column":108},"end":{"line":19,"column":109}},"loc":{"start":{"line":19,"column":114},"end":{"line":25,"column":1}},"line":19},"1":{"name":"(anonymous_1)","decl":{"start":{"line":21,"column":21},"end":{"line":21,"column":22}},"loc":{"start":{"line":21,"column":27},"end":{"line":23,"column":5}},"line":21},"2":{"name":"(anonymous_2)","decl":{"start":{"line":56,"column":15},"end":{"line":56,"column":16}},"loc":{"start":{"line":56,"column":35},"end":{"line":62,"column":1}},"line":56},"3":{"name":"(anonymous_3)","decl":{"start":{"line":66,"column":18},"end":{"line":66,"column":19}},"loc":{"start":{"line":66,"column":32},"end":{"line":68,"column":1}},"line":66}},"branchMap":{"0":{"loc":{"start":{"line":19,"column":17},"end":{"line":19,"column":101}},"type":"cond-expr","locations":[{"start":{"line":19,"column":51},"end":{"line":19,"column":72}},{"start":{"line":19,"column":75},"end":{"line":19,"column":101}}],"line":19},"1":{"loc":{"start":{"line":20,"column":2},"end":{"line":24,"column":3}},"type":"if","locations":[{"start":{"line":20,"column":2},"end":{"line":24,"column":3}},{"start":{},"end":{}}],"line":20}},"s":{"0":3,"1":3,"2":3,"3":3,"4":3,"5":3,"6":3,"7":3,"8":3,"9":3,"10":3,"11":3,"12":3,"13":3,"14":3,"15":0,"16":0,"17":3,"18":3,"19":3,"20":3,"21":3,"22":3,"23":3,"24":3,"25":3,"26":1,"27":1,"28":1,"29":1,"30":1,"31":3,"32":3,"33":0,"34":3},"f":{"0":3,"1":0,"2":1,"3":0},"b":{"0":[0,3],"1":[0,3]},"_coverageSchema":"1a1c01bbd47fc00a2c39e90264f33305004495a9","hash":"5cbf6335b5a564e48c9363ed0873e6498d3dbbd9"}
,"/Users/moussia/Desktop/esgi/2em année/2em semestre/projettestfonctionnel/conf/database.js": {"path":"/Users/moussia/Desktop/esgi/2em année/2em semestre/projettestfonctionnel/conf/database.js","statementMap":{"0":{"start":{"line":1,"column":17},"end":{"line":1,"column":36}},"1":{"start":{"line":4,"column":0},"end":{"line":4,"column":28}},"2":{"start":{"line":6,"column":11},"end":{"line":6,"column":30}},"3":{"start":{"line":7,"column":0},"end":{"line":9,"column":3}},"4":{"start":{"line":8,"column":4},"end":{"line":8,"column":65}},"5":{"start":{"line":10,"column":0},"end":{"line":12,"column":3}},"6":{"start":{"line":11,"column":4},"end":{"line":11,"column":56}},"7":{"start":{"line":13,"column":0},"end":{"line":15,"column":3}},"8":{"start":{"line":14,"column":4},"end":{"line":14,"column":43}},"9":{"start":{"line":16,"column":0},"end":{"line":19,"column":3}},"10":{"start":{"line":17,"column":4},"end":{"line":18,"column":40}},"11":{"start":{"line":17,"column":13},"end":{"line":17,"column":51}},"12":{"start":{"line":18,"column":9},"end":{"line":18,"column":40}},"13":{"start":{"line":22,"column":0},"end":{"line":22,"column":60}},"14":{"start":{"line":22,"column":13},"end":{"line":22,"column":58}}},"fnMap":{"0":{"name":"(anonymous_0)","decl":{"start":{"line":7,"column":15},"end":{"line":7,"column":16}},"loc":{"start":{"line":7,"column":24},"end":{"line":9,"column":1}},"line":7},"1":{"name":"(anonymous_1)","decl":{"start":{"line":10,"column":22},"end":{"line":10,"column":23}},"loc":{"start":{"line":10,"column":28},"end":{"line":12,"column":1}},"line":10},"2":{"name":"(anonymous_2)","decl":{"start":{"line":13,"column":20},"end":{"line":13,"column":21}},"loc":{"start":{"line":13,"column":29},"end":{"line":15,"column":1}},"line":13},"3":{"name":"(anonymous_3)","decl":{"start":{"line":16,"column":14},"end":{"line":16,"column":15}},"loc":{"start":{"line":16,"column":23},"end":{"line":19,"column":1}},"line":16},"4":{"name":"(anonymous_4)","decl":{"start":{"line":22,"column":1},"end":{"line":22,"column":2}},"loc":{"start":{"line":22,"column":13},"end":{"line":22,"column":58}},"line":22}},"branchMap":{"0":{"loc":{"start":{"line":17,"column":4},"end":{"line":18,"column":40}},"type":"if","locations":[{"start":{"line":17,"column":4},"end":{"line":18,"column":40}},{"start":{"line":18,"column":9},"end":{"line":18,"column":40}}],"line":17}},"s":{"0":3,"1":3,"2":3,"3":3,"4":0,"5":3,"6":3,"7":3,"8":0,"9":3,"10":3,"11":0,"12":3,"13":3,"14":0},"f":{"0":0,"1":3,"2":0,"3":3,"4":0},"b":{"0":[0,3]},"_coverageSchema":"1a1c01bbd47fc00a2c39e90264f33305004495a9","hash":"bac8bb0de30891c3d09729a59d6b6edc084e7193"}
,"/Users/moussia/Desktop/esgi/2em année/2em semestre/projettestfonctionnel/conf/passport.js": {"path":"/Users/moussia/Desktop/esgi/2em année/2em semestre/projettestfonctionnel/conf/passport.js","statementMap":{"0":{"start":{"line":1,"column":22},"end":{"line":1,"column":47}},"1":{"start":{"line":2,"column":18},"end":{"line":2,"column":52}},"2":{"start":{"line":3,"column":13},"end":{"line":3,"column":42}},"3":{"start":{"line":5,"column":21},"end":{"line":25,"column":1}},"4":{"start":{"line":7,"column":4},"end":{"line":12,"column":6}},"5":{"start":{"line":13,"column":4},"end":{"line":13,"column":38}},"6":{"start":{"line":16,"column":4},"end":{"line":18,"column":6}},"7":{"start":{"line":17,"column":8},"end":{"line":17,"column":28}},"8":{"start":{"line":21,"column":4},"end":{"line":24,"column":7}},"9":{"start":{"line":22,"column":21},"end":{"line":22,"column":62}},"10":{"start":{"line":23,"column":8},"end":{"line":23,"column":25}},"11":{"start":{"line":27,"column":0},"end":{"line":29,"column":1}}},"fnMap":{"0":{"name":"(anonymous_0)","decl":{"start":{"line":5,"column":21},"end":{"line":5,"column":22}},"loc":{"start":{"line":5,"column":35},"end":{"line":25,"column":1}},"line":5},"1":{"name":"(anonymous_1)","decl":{"start":{"line":16,"column":27},"end":{"line":16,"column":28}},"loc":{"start":{"line":17,"column":8},"end":{"line":17,"column":28}},"line":17},"2":{"name":"(anonymous_2)","decl":{"start":{"line":21,"column":29},"end":{"line":21,"column":30}},"loc":{"start":{"line":21,"column":50},"end":{"line":24,"column":5}},"line":21}},"branchMap":{},"s":{"0":3,"1":3,"2":3,"3":3,"4":3,"5":3,"6":3,"7":2,"8":3,"9":0,"10":0,"11":3},"f":{"0":3,"1":2,"2":0},"b":{},"_coverageSchema":"1a1c01bbd47fc00a2c39e90264f33305004495a9","hash":"e27340b61710c417c7b5276238ea5d6ca964e8de"}
,"/Users/moussia/Desktop/esgi/2em année/2em semestre/projettestfonctionnel/constants/Roles.js": {"path":"/Users/moussia/Desktop/esgi/2em année/2em semestre/projettestfonctionnel/constants/Roles.js","statementMap":{"0":{"start":{"line":1,"column":14},"end":{"line":4,"column":1}},"1":{"start":{"line":6,"column":0},"end":{"line":8,"column":2}}},"fnMap":{},"branchMap":{},"s":{"0":3,"1":3},"f":{},"b":{},"_coverageSchema":"1a1c01bbd47fc00a2c39e90264f33305004495a9","hash":"8b8efe6d37477c93173730e633ac53abea40f1d6"}
,"/Users/moussia/Desktop/esgi/2em année/2em semestre/projettestfonctionnel/constants/Strings.js": {"path":"/Users/moussia/Desktop/esgi/2em année/2em semestre/projettestfonctionnel/constants/Strings.js","statementMap":{"0":{"start":{"line":1,"column":16},"end":{"line":12,"column":1}},"1":{"start":{"line":13,"column":0},"end":{"line":15,"column":2}}},"fnMap":{},"branchMap":{},"s":{"0":3,"1":3},"f":{},"b":{},"_coverageSchema":"1a1c01bbd47fc00a2c39e90264f33305004495a9","hash":"2371a24249395b24049f20ffd95dad539199e9c9"}
,"/Users/moussia/Desktop/esgi/2em année/2em semestre/projettestfonctionnel/controllers/items.js": {"path":"/Users/moussia/Desktop/esgi/2em année/2em semestre/projettestfonctionnel/controllers/items.js","statementMap":{"0":{"start":{"line":1,"column":13},"end":{"line":1,"column":42}},"1":{"start":{"line":4,"column":17},"end":{"line":8,"column":1}},"2":{"start":{"line":5,"column":2},"end":{"line":7,"column":60}},"3":{"start":{"line":6,"column":22},"end":{"line":6,"column":50}},"4":{"start":{"line":7,"column":22},"end":{"line":7,"column":58}},"5":{"start":{"line":10,"column":16},"end":{"line":14,"column":1}},"6":{"start":{"line":11,"column":2},"end":{"line":13,"column":66}},"7":{"start":{"line":12,"column":22},"end":{"line":12,"column":54}},"8":{"start":{"line":13,"column":17},"end":{"line":13,"column":64}},"9":{"start":{"line":17,"column":19},"end":{"line":28,"column":1}},"10":{"start":{"line":18,"column":2},"end":{"line":21,"column":5}},"11":{"start":{"line":22,"column":2},"end":{"line":27,"column":60}},"12":{"start":{"line":25,"column":6},"end":{"line":25,"column":39}},"13":{"start":{"line":27,"column":22},"end":{"line":27,"column":58}},"14":{"start":{"line":31,"column":19},"end":{"line":41,"column":1}},"15":{"start":{"line":32,"column":2},"end":{"line":40,"column":71}},"16":{"start":{"line":37,"column":6},"end":{"line":37,"column":35}},"17":{"start":{"line":38,"column":6},"end":{"line":38,"column":25}},"18":{"start":{"line":40,"column":22},"end":{"line":40,"column":69}},"19":{"start":{"line":44,"column":19},"end":{"line":48,"column":1}},"20":{"start":{"line":45,"column":2},"end":{"line":47,"column":71}},"21":{"start":{"line":46,"column":22},"end":{"line":46,"column":46}},"22":{"start":{"line":47,"column":22},"end":{"line":47,"column":69}},"23":{"start":{"line":50,"column":0},"end":{"line":56,"column":2}}},"fnMap":{"0":{"name":"(anonymous_0)","decl":{"start":{"line":4,"column":17},"end":{"line":4,"column":18}},"loc":{"start":{"line":4,"column":31},"end":{"line":8,"column":1}},"line":4},"1":{"name":"(anonymous_1)","decl":{"start":{"line":6,"column":10},"end":{"line":6,"column":11}},"loc":{"start":{"line":6,"column":22},"end":{"line":6,"column":50}},"line":6},"2":{"name":"(anonymous_2)","decl":{"start":{"line":7,"column":11},"end":{"line":7,"column":12}},"loc":{"start":{"line":7,"column":22},"end":{"line":7,"column":58}},"line":7},"3":{"name":"(anonymous_3)","decl":{"start":{"line":10,"column":16},"end":{"line":10,"column":17}},"loc":{"start":{"line":10,"column":30},"end":{"line":14,"column":1}},"line":10},"4":{"name":"(anonymous_4)","decl":{"start":{"line":12,"column":10},"end":{"line":12,"column":11}},"loc":{"start":{"line":12,"column":22},"end":{"line":12,"column":54}},"line":12},"5":{"name":"(anonymous_5)","decl":{"start":{"line":13,"column":11},"end":{"line":13,"column":12}},"loc":{"start":{"line":13,"column":17},"end":{"line":13,"column":64}},"line":13},"6":{"name":"(anonymous_6)","decl":{"start":{"line":17,"column":19},"end":{"line":17,"column":20}},"loc":{"start":{"line":17,"column":33},"end":{"line":28,"column":1}},"line":17},"7":{"name":"(anonymous_7)","decl":{"start":{"line":24,"column":10},"end":{"line":24,"column":11}},"loc":{"start":{"line":24,"column":22},"end":{"line":26,"column":5}},"line":24},"8":{"name":"(anonymous_8)","decl":{"start":{"line":27,"column":11},"end":{"line":27,"column":12}},"loc":{"start":{"line":27,"column":22},"end":{"line":27,"column":58}},"line":27},"9":{"name":"(anonymous_9)","decl":{"start":{"line":31,"column":19},"end":{"line":31,"column":20}},"loc":{"start":{"line":31,"column":33},"end":{"line":41,"column":1}},"line":31},"10":{"name":"(anonymous_10)","decl":{"start":{"line":36,"column":10},"end":{"line":36,"column":11}},"loc":{"start":{"line":36,"column":22},"end":{"line":39,"column":5}},"line":36},"11":{"name":"(anonymous_11)","decl":{"start":{"line":40,"column":11},"end":{"line":40,"column":12}},"loc":{"start":{"line":40,"column":22},"end":{"line":40,"column":69}},"line":40},"12":{"name":"(anonymous_12)","decl":{"start":{"line":44,"column":19},"end":{"line":44,"column":20}},"loc":{"start":{"line":44,"column":33},"end":{"line":48,"column":1}},"line":44},"13":{"name":"(anonymous_13)","decl":{"start":{"line":46,"column":10},"end":{"line":46,"column":11}},"loc":{"start":{"line":46,"column":22},"end":{"line":46,"column":46}},"line":46},"14":{"name":"(anonymous_14)","decl":{"start":{"line":47,"column":11},"end":{"line":47,"column":12}},"loc":{"start":{"line":47,"column":22},"end":{"line":47,"column":69}},"line":47}},"branchMap":{},"s":{"0":3,"1":3,"2":1,"3":1,"4":0,"5":3,"6":0,"7":0,"8":0,"9":3,"10":3,"11":3,"12":1,"13":2,"14":3,"15":0,"16":0,"17":0,"18":0,"19":3,"20":0,"21":0,"22":0,"23":3},"f":{"0":1,"1":1,"2":0,"3":0,"4":0,"5":0,"6":3,"7":1,"8":2,"9":0,"10":0,"11":0,"12":0,"13":0,"14":0},"b":{},"_coverageSchema":"1a1c01bbd47fc00a2c39e90264f33305004495a9","hash":"8f50b5fe9987719d40a13bfb70ef2475e6d9ce72"}
,"/Users/moussia/Desktop/esgi/2em année/2em semestre/projettestfonctionnel/controllers/login.js": {"path":"/Users/moussia/Desktop/esgi/2em année/2em semestre/projettestfonctionnel/controllers/login.js","statementMap":{"0":{"start":{"line":1,"column":13},"end":{"line":1,"column":42}},"1":{"start":{"line":2,"column":15},"end":{"line":2,"column":32}},"2":{"start":{"line":4,"column":14},"end":{"line":17,"column":1}},"3":{"start":{"line":5,"column":4},"end":{"line":5,"column":32}},"4":{"start":{"line":6,"column":17},"end":{"line":6,"column":46}},"5":{"start":{"line":7,"column":4},"end":{"line":10,"column":5}},"6":{"start":{"line":8,"column":8},"end":{"line":8,"column":47}},"7":{"start":{"line":9,"column":8},"end":{"line":9,"column":33}},"8":{"start":{"line":11,"column":20},"end":{"line":11,"column":65}},"9":{"start":{"line":12,"column":4},"end":{"line":14,"column":5}},"10":{"start":{"line":13,"column":8},"end":{"line":13,"column":33}},"11":{"start":{"line":15,"column":4},"end":{"line":15,"column":31}},"12":{"start":{"line":16,"column":4},"end":{"line":16,"column":27}},"13":{"start":{"line":19,"column":15},"end":{"line":25,"column":1}},"14":{"start":{"line":20,"column":4},"end":{"line":22,"column":5}},"15":{"start":{"line":21,"column":8},"end":{"line":21,"column":21}},"16":{"start":{"line":23,"column":4},"end":{"line":23,"column":33}},"17":{"start":{"line":24,"column":4},"end":{"line":24,"column":18}},"18":{"start":{"line":27,"column":0},"end":{"line":30,"column":2}}},"fnMap":{"0":{"name":"(anonymous_0)","decl":{"start":{"line":4,"column":14},"end":{"line":4,"column":15}},"loc":{"start":{"line":4,"column":47},"end":{"line":17,"column":1}},"line":4},"1":{"name":"(anonymous_1)","decl":{"start":{"line":19,"column":15},"end":{"line":19,"column":16}},"loc":{"start":{"line":19,"column":35},"end":{"line":25,"column":1}},"line":19}},"branchMap":{"0":{"loc":{"start":{"line":7,"column":4},"end":{"line":10,"column":5}},"type":"if","locations":[{"start":{"line":7,"column":4},"end":{"line":10,"column":5}},{"start":{},"end":{}}],"line":7},"1":{"loc":{"start":{"line":12,"column":4},"end":{"line":14,"column":5}},"type":"if","locations":[{"start":{"line":12,"column":4},"end":{"line":14,"column":5}},{"start":{},"end":{}}],"line":12},"2":{"loc":{"start":{"line":20,"column":4},"end":{"line":22,"column":5}},"type":"if","locations":[{"start":{"line":20,"column":4},"end":{"line":22,"column":5}},{"start":{},"end":{}}],"line":20}},"s":{"0":3,"1":3,"2":3,"3":5,"4":5,"5":5,"6":3,"7":3,"8":2,"9":2,"10":0,"11":2,"12":2,"13":3,"14":0,"15":0,"16":0,"17":0,"18":3},"f":{"0":5,"1":0},"b":{"0":[3,2],"1":[0,2],"2":[0,0]},"_coverageSchema":"1a1c01bbd47fc00a2c39e90264f33305004495a9","hash":"812d92db61fc35b727d9e840fe960eb60c13ca48"}
,"/Users/moussia/Desktop/esgi/2em année/2em semestre/projettestfonctionnel/controllers/users.js": {"path":"/Users/moussia/Desktop/esgi/2em année/2em semestre/projettestfonctionnel/controllers/users.js","statementMap":{"0":{"start":{"line":1,"column":13},"end":{"line":1,"column":42}},"1":{"start":{"line":2,"column":15},"end":{"line":2,"column":32}},"2":{"start":{"line":5,"column":17},"end":{"line":9,"column":1}},"3":{"start":{"line":6,"column":2},"end":{"line":8,"column":60}},"4":{"start":{"line":7,"column":22},"end":{"line":7,"column":54}},"5":{"start":{"line":8,"column":22},"end":{"line":8,"column":58}},"6":{"start":{"line":11,"column":19},"end":{"line":31,"column":1}},"7":{"start":{"line":13,"column":2},"end":{"line":30,"column":3}},"8":{"start":{"line":14,"column":59},"end":{"line":14,"column":67}},"9":{"start":{"line":15,"column":17},"end":{"line":15,"column":48}},"10":{"start":{"line":16,"column":17},"end":{"line":22,"column":6}},"11":{"start":{"line":23,"column":4},"end":{"line":23,"column":22}},"12":{"start":{"line":24,"column":4},"end":{"line":24,"column":33}},"13":{"start":{"line":25,"column":4},"end":{"line":25,"column":33}},"14":{"start":{"line":28,"column":4},"end":{"line":28,"column":21}},"15":{"start":{"line":29,"column":4},"end":{"line":29,"column":48}},"16":{"start":{"line":33,"column":20},"end":{"line":35,"column":1}},"17":{"start":{"line":34,"column":2},"end":{"line":34,"column":21}},"18":{"start":{"line":37,"column":19},"end":{"line":40,"column":1}},"19":{"start":{"line":38,"column":22},"end":{"line":38,"column":82}},"20":{"start":{"line":39,"column":2},"end":{"line":39,"column":24}},"21":{"start":{"line":52,"column":19},"end":{"line":56,"column":1}},"22":{"start":{"line":53,"column":2},"end":{"line":55,"column":71}},"23":{"start":{"line":54,"column":22},"end":{"line":54,"column":54}},"24":{"start":{"line":55,"column":22},"end":{"line":55,"column":69}},"25":{"start":{"line":64,"column":0},"end":{"line":71,"column":2}}},"fnMap":{"0":{"name":"(anonymous_0)","decl":{"start":{"line":5,"column":17},"end":{"line":5,"column":18}},"loc":{"start":{"line":5,"column":31},"end":{"line":9,"column":1}},"line":5},"1":{"name":"(anonymous_1)","decl":{"start":{"line":7,"column":10},"end":{"line":7,"column":11}},"loc":{"start":{"line":7,"column":22},"end":{"line":7,"column":54}},"line":7},"2":{"name":"(anonymous_2)","decl":{"start":{"line":8,"column":11},"end":{"line":8,"column":12}},"loc":{"start":{"line":8,"column":22},"end":{"line":8,"column":58}},"line":8},"3":{"name":"(anonymous_3)","decl":{"start":{"line":11,"column":19},"end":{"line":11,"column":20}},"loc":{"start":{"line":11,"column":39},"end":{"line":31,"column":1}},"line":11},"4":{"name":"(anonymous_4)","decl":{"start":{"line":33,"column":20},"end":{"line":33,"column":21}},"loc":{"start":{"line":33,"column":40},"end":{"line":35,"column":1}},"line":33},"5":{"name":"(anonymous_5)","decl":{"start":{"line":37,"column":19},"end":{"line":37,"column":20}},"loc":{"start":{"line":37,"column":39},"end":{"line":40,"column":1}},"line":37},"6":{"name":"(anonymous_6)","decl":{"start":{"line":52,"column":19},"end":{"line":52,"column":20}},"loc":{"start":{"line":52,"column":33},"end":{"line":56,"column":1}},"line":52},"7":{"name":"(anonymous_7)","decl":{"start":{"line":54,"column":10},"end":{"line":54,"column":11}},"loc":{"start":{"line":54,"column":22},"end":{"line":54,"column":54}},"line":54},"8":{"name":"(anonymous_8)","decl":{"start":{"line":55,"column":11},"end":{"line":55,"column":12}},"loc":{"start":{"line":55,"column":22},"end":{"line":55,"column":69}},"line":55}},"branchMap":{},"s":{"0":3,"1":3,"2":3,"3":0,"4":0,"5":0,"6":3,"7":18,"8":18,"9":18,"10":18,"11":18,"12":18,"13":18,"14":0,"15":0,"16":3,"17":0,"18":3,"19":0,"20":0,"21":3,"22":0,"23":0,"24":0,"25":3},"f":{"0":0,"1":0,"2":0,"3":18,"4":0,"5":0,"6":0,"7":0,"8":0},"b":{},"_coverageSchema":"1a1c01bbd47fc00a2c39e90264f33305004495a9","hash":"dfb728063735bb3ea1e5c7ffed43eb85aed1b21a"}
,"/Users/moussia/Desktop/esgi/2em année/2em semestre/projettestfonctionnel/controllers/wishlists.js": {"path":"/Users/moussia/Desktop/esgi/2em année/2em semestre/projettestfonctionnel/controllers/wishlists.js","statementMap":{"0":{"start":{"line":1,"column":17},"end":{"line":1,"column":50}},"1":{"start":{"line":3,"column":21},"end":{"line":7,"column":1}},"2":{"start":{"line":4,"column":2},"end":{"line":6,"column":60}},"3":{"start":{"line":5,"column":22},"end":{"line":5,"column":54}},"4":{"start":{"line":6,"column":22},"end":{"line":6,"column":58}},"5":{"start":{"line":9,"column":20},"end":{"line":13,"column":1}},"6":{"start":{"line":10,"column":2},"end":{"line":12,"column":70}},"7":{"start":{"line":11,"column":22},"end":{"line":11,"column":54}},"8":{"start":{"line":12,"column":17},"end":{"line":12,"column":68}},"9":{"start":{"line":16,"column":23},"end":{"line":28,"column":1}},"10":{"start":{"line":17,"column":2},"end":{"line":20,"column":5}},"11":{"start":{"line":21,"column":2},"end":{"line":27,"column":60}},"12":{"start":{"line":24,"column":6},"end":{"line":24,"column":35}},"13":{"start":{"line":25,"column":6},"end":{"line":25,"column":25}},"14":{"start":{"line":27,"column":22},"end":{"line":27,"column":58}},"15":{"start":{"line":31,"column":23},"end":{"line":38,"column":1}},"16":{"start":{"line":32,"column":2},"end":{"line":37,"column":75}},"17":{"start":{"line":36,"column":22},"end":{"line":36,"column":54}},"18":{"start":{"line":37,"column":22},"end":{"line":37,"column":73}},"19":{"start":{"line":41,"column":23},"end":{"line":45,"column":1}},"20":{"start":{"line":42,"column":2},"end":{"line":44,"column":75}},"21":{"start":{"line":43,"column":22},"end":{"line":43,"column":54}},"22":{"start":{"line":44,"column":22},"end":{"line":44,"column":73}},"23":{"start":{"line":47,"column":0},"end":{"line":53,"column":2}}},"fnMap":{"0":{"name":"(anonymous_0)","decl":{"start":{"line":3,"column":21},"end":{"line":3,"column":22}},"loc":{"start":{"line":3,"column":35},"end":{"line":7,"column":1}},"line":3},"1":{"name":"(anonymous_1)","decl":{"start":{"line":5,"column":10},"end":{"line":5,"column":11}},"loc":{"start":{"line":5,"column":22},"end":{"line":5,"column":54}},"line":5},"2":{"name":"(anonymous_2)","decl":{"start":{"line":6,"column":11},"end":{"line":6,"column":12}},"loc":{"start":{"line":6,"column":22},"end":{"line":6,"column":58}},"line":6},"3":{"name":"(anonymous_3)","decl":{"start":{"line":9,"column":20},"end":{"line":9,"column":21}},"loc":{"start":{"line":9,"column":34},"end":{"line":13,"column":1}},"line":9},"4":{"name":"(anonymous_4)","decl":{"start":{"line":11,"column":10},"end":{"line":11,"column":11}},"loc":{"start":{"line":11,"column":22},"end":{"line":11,"column":54}},"line":11},"5":{"name":"(anonymous_5)","decl":{"start":{"line":12,"column":11},"end":{"line":12,"column":12}},"loc":{"start":{"line":12,"column":17},"end":{"line":12,"column":68}},"line":12},"6":{"name":"(anonymous_6)","decl":{"start":{"line":16,"column":23},"end":{"line":16,"column":24}},"loc":{"start":{"line":16,"column":37},"end":{"line":28,"column":1}},"line":16},"7":{"name":"(anonymous_7)","decl":{"start":{"line":23,"column":10},"end":{"line":23,"column":11}},"loc":{"start":{"line":23,"column":22},"end":{"line":26,"column":5}},"line":23},"8":{"name":"(anonymous_8)","decl":{"start":{"line":27,"column":11},"end":{"line":27,"column":12}},"loc":{"start":{"line":27,"column":22},"end":{"line":27,"column":58}},"line":27},"9":{"name":"(anonymous_9)","decl":{"start":{"line":31,"column":23},"end":{"line":31,"column":24}},"loc":{"start":{"line":31,"column":37},"end":{"line":38,"column":1}},"line":31},"10":{"name":"(anonymous_10)","decl":{"start":{"line":36,"column":10},"end":{"line":36,"column":11}},"loc":{"start":{"line":36,"column":22},"end":{"line":36,"column":54}},"line":36},"11":{"name":"(anonymous_11)","decl":{"start":{"line":37,"column":11},"end":{"line":37,"column":12}},"loc":{"start":{"line":37,"column":22},"end":{"line":37,"column":73}},"line":37},"12":{"name":"(anonymous_12)","decl":{"start":{"line":41,"column":23},"end":{"line":41,"column":24}},"loc":{"start":{"line":41,"column":37},"end":{"line":45,"column":1}},"line":41},"13":{"name":"(anonymous_13)","decl":{"start":{"line":43,"column":10},"end":{"line":43,"column":11}},"loc":{"start":{"line":43,"column":22},"end":{"line":43,"column":54}},"line":43},"14":{"name":"(anonymous_14)","decl":{"start":{"line":44,"column":11},"end":{"line":44,"column":12}},"loc":{"start":{"line":44,"column":22},"end":{"line":44,"column":73}},"line":44}},"branchMap":{},"s":{"0":3,"1":3,"2":0,"3":0,"4":0,"5":3,"6":0,"7":0,"8":0,"9":3,"10":0,"11":0,"12":0,"13":0,"14":0,"15":3,"16":0,"17":0,"18":0,"19":3,"20":0,"21":0,"22":0,"23":3},"f":{"0":0,"1":0,"2":0,"3":0,"4":0,"5":0,"6":0,"7":0,"8":0,"9":0,"10":0,"11":0,"12":0,"13":0,"14":0},"b":{},"_coverageSchema":"1a1c01bbd47fc00a2c39e90264f33305004495a9","hash":"378d5eefc15959f95c57198a562f4cb3854585d6"}
,"/Users/moussia/Desktop/esgi/2em année/2em semestre/projettestfonctionnel/middlewares/isAdmin.js": {"path":"/Users/moussia/Desktop/esgi/2em année/2em semestre/projettestfonctionnel/middlewares/isAdmin.js","statementMap":{"0":{"start":{"line":1,"column":18},"end":{"line":1,"column":47}},"1":{"start":{"line":3,"column":16},"end":{"line":6,"column":1}},"2":{"start":{"line":4,"column":4},"end":{"line":4,"column":53}},"3":{"start":{"line":4,"column":39},"end":{"line":4,"column":53}},"4":{"start":{"line":5,"column":4},"end":{"line":5,"column":24}},"5":{"start":{"line":8,"column":0},"end":{"line":10,"column":2}}},"fnMap":{"0":{"name":"(anonymous_0)","decl":{"start":{"line":3,"column":16},"end":{"line":3,"column":17}},"loc":{"start":{"line":3,"column":36},"end":{"line":6,"column":1}},"line":3}},"branchMap":{"0":{"loc":{"start":{"line":4,"column":4},"end":{"line":4,"column":53}},"type":"if","locations":[{"start":{"line":4,"column":4},"end":{"line":4,"column":53}},{"start":{},"end":{}}],"line":4}},"s":{"0":3,"1":3,"2":0,"3":0,"4":0,"5":3},"f":{"0":0},"b":{"0":[0,0]},"_coverageSchema":"1a1c01bbd47fc00a2c39e90264f33305004495a9","hash":"d959db3acff4d7647bb57f00f53ddaf5524f7c69"}
,"/Users/moussia/Desktop/esgi/2em année/2em semestre/projettestfonctionnel/middlewares/isAuthenticated.js": {"path":"/Users/moussia/Desktop/esgi/2em année/2em semestre/projettestfonctionnel/middlewares/isAuthenticated.js","statementMap":{"0":{"start":{"line":1,"column":24},"end":{"line":4,"column":1}},"1":{"start":{"line":2,"column":4},"end":{"line":2,"column":45}},"2":{"start":{"line":2,"column":31},"end":{"line":2,"column":45}},"3":{"start":{"line":3,"column":4},"end":{"line":3,"column":24}},"4":{"start":{"line":6,"column":0},"end":{"line":8,"column":2}}},"fnMap":{"0":{"name":"(anonymous_0)","decl":{"start":{"line":1,"column":24},"end":{"line":1,"column":25}},"loc":{"start":{"line":1,"column":44},"end":{"line":4,"column":1}},"line":1}},"branchMap":{"0":{"loc":{"start":{"line":2,"column":4},"end":{"line":2,"column":45}},"type":"if","locations":[{"start":{"line":2,"column":4},"end":{"line":2,"column":45}},{"start":{},"end":{}}],"line":2}},"s":{"0":3,"1":0,"2":0,"3":0,"4":3},"f":{"0":0},"b":{"0":[0,0]},"_coverageSchema":"1a1c01bbd47fc00a2c39e90264f33305004495a9","hash":"ff3b9fe633dab973012ad9ff4daacd3d3601012f"}
,"/Users/moussia/Desktop/esgi/2em année/2em semestre/projettestfonctionnel/middlewares/validators/SignUp.js": {"path":"/Users/moussia/Desktop/esgi/2em année/2em semestre/projettestfonctionnel/middlewares/validators/SignUp.js","statementMap":{"0":{"start":{"line":1,"column":20},"end":{"line":1,"column":54}},"1":{"start":{"line":2,"column":35},"end":{"line":2,"column":63}},"2":{"start":{"line":3,"column":18},"end":{"line":3,"column":50}},"3":{"start":{"line":5,"column":23},"end":{"line":67,"column":1}},"4":{"start":{"line":51,"column":8},"end":{"line":65,"column":9}},"5":{"start":{"line":52,"column":12},"end":{"line":52,"column":44}},"6":{"start":{"line":53,"column":67},"end":{"line":53,"column":75}},"7":{"start":{"line":55,"column":12},"end":{"line":61,"column":14}},"8":{"start":{"line":62,"column":12},"end":{"line":62,"column":19}},"9":{"start":{"line":64,"column":12},"end":{"line":64,"column":67}},"10":{"start":{"line":69,"column":27},"end":{"line":73,"column":2}},"11":{"start":{"line":70,"column":27},"end":{"line":72,"column":5}},"12":{"start":{"line":76,"column":0},"end":{"line":78,"column":2}}},"fnMap":{"0":{"name":"(anonymous_0)","decl":{"start":{"line":50,"column":4},"end":{"line":50,"column":5}},"loc":{"start":{"line":50,"column":24},"end":{"line":66,"column":5}},"line":50},"1":{"name":"(anonymous_1)","decl":{"start":{"line":70,"column":15},"end":{"line":70,"column":16}},"loc":{"start":{"line":70,"column":27},"end":{"line":72,"column":5}},"line":70}},"branchMap":{},"s":{"0":3,"1":3,"2":3,"3":3,"4":18,"5":18,"6":18,"7":18,"8":18,"9":0,"10":3,"11":0,"12":3},"f":{"0":18,"1":0},"b":{},"_coverageSchema":"1a1c01bbd47fc00a2c39e90264f33305004495a9","hash":"c771b486c7e2dddef45af648a5df57f426308ad7"}
,"/Users/moussia/Desktop/esgi/2em année/2em semestre/projettestfonctionnel/models/items.js": {"path":"/Users/moussia/Desktop/esgi/2em année/2em semestre/projettestfonctionnel/models/items.js","statementMap":{"0":{"start":{"line":1,"column":17},"end":{"line":1,"column":36}},"1":{"start":{"line":3,"column":19},"end":{"line":12,"column":2}},"2":{"start":{"line":13,"column":13},"end":{"line":13,"column":47}},"3":{"start":{"line":15,"column":0},"end":{"line":15,"column":22}}},"fnMap":{},"branchMap":{},"s":{"0":3,"1":3,"2":3,"3":3},"f":{},"b":{},"_coverageSchema":"1a1c01bbd47fc00a2c39e90264f33305004495a9","hash":"6b896e06d976901bbb4308b54ee588200f7cb10f"}
,"/Users/moussia/Desktop/esgi/2em année/2em semestre/projettestfonctionnel/models/users.js": {"path":"/Users/moussia/Desktop/esgi/2em année/2em semestre/projettestfonctionnel/models/users.js","statementMap":{"0":{"start":{"line":1,"column":17},"end":{"line":1,"column":36}},"1":{"start":{"line":2,"column":14},"end":{"line":2,"column":43}},"2":{"start":{"line":4,"column":19},"end":{"line":36,"column":2}},"3":{"start":{"line":37,"column":13},"end":{"line":37,"column":47}},"4":{"start":{"line":39,"column":0},"end":{"line":39,"column":22}}},"fnMap":{},"branchMap":{},"s":{"0":3,"1":3,"2":3,"3":3,"4":3},"f":{},"b":{},"_coverageSchema":"1a1c01bbd47fc00a2c39e90264f33305004495a9","hash":"d3dda8397bc77a63939b1c35ffaae2a0e0afeacc"}
,"/Users/moussia/Desktop/esgi/2em année/2em semestre/projettestfonctionnel/models/wishlists.js": {"path":"/Users/moussia/Desktop/esgi/2em année/2em semestre/projettestfonctionnel/models/wishlists.js","statementMap":{"0":{"start":{"line":1,"column":17},"end":{"line":1,"column":36}},"1":{"start":{"line":3,"column":23},"end":{"line":12,"column":2}},"2":{"start":{"line":13,"column":17},"end":{"line":13,"column":59}},"3":{"start":{"line":15,"column":0},"end":{"line":15,"column":26}}},"fnMap":{},"branchMap":{},"s":{"0":3,"1":3,"2":3,"3":3},"f":{},"b":{},"_coverageSchema":"1a1c01bbd47fc00a2c39e90264f33305004495a9","hash":"54faea4dff9b792f5e1b4ef829605104a7b9d75a"}
,"/Users/moussia/Desktop/esgi/2em année/2em semestre/projettestfonctionnel/routes/auth.js": {"path":"/Users/moussia/Desktop/esgi/2em année/2em semestre/projettestfonctionnel/routes/auth.js","statementMap":{"0":{"start":{"line":1,"column":15},"end":{"line":1,"column":33}},"1":{"start":{"line":2,"column":17},"end":{"line":2,"column":36}},"2":{"start":{"line":3,"column":19},"end":{"line":3,"column":53}},"3":{"start":{"line":5,"column":15},"end":{"line":5,"column":23}},"4":{"start":{"line":8,"column":0},"end":{"line":8,"column":75}},"5":{"start":{"line":8,"column":63},"end":{"line":8,"column":73}},"6":{"start":{"line":9,"column":0},"end":{"line":9,"column":27}},"7":{"start":{"line":12,"column":0},"end":{"line":12,"column":24}}},"fnMap":{"0":{"name":"(anonymous_0)","decl":{"start":{"line":8,"column":49},"end":{"line":8,"column":50}},"loc":{"start":{"line":8,"column":63},"end":{"line":8,"column":73}},"line":8}},"branchMap":{},"s":{"0":3,"1":3,"2":3,"3":3,"4":3,"5":2,"6":3,"7":3},"f":{"0":2},"b":{},"_coverageSchema":"1a1c01bbd47fc00a2c39e90264f33305004495a9","hash":"a919c326824d85cb2015416da9167d923eb1ec5d"}
,"/Users/moussia/Desktop/esgi/2em année/2em semestre/projettestfonctionnel/routes/items.js": {"path":"/Users/moussia/Desktop/esgi/2em année/2em semestre/projettestfonctionnel/routes/items.js","statementMap":{"0":{"start":{"line":1,"column":16},"end":{"line":1,"column":34}},"1":{"start":{"line":2,"column":15},"end":{"line":2,"column":31}},"2":{"start":{"line":3,"column":13},"end":{"line":3,"column":42}},"3":{"start":{"line":11,"column":4},"end":{"line":11,"column":38}},"4":{"start":{"line":13,"column":0},"end":{"line":13,"column":26}},"5":{"start":{"line":15,"column":0},"end":{"line":15,"column":32}},"6":{"start":{"line":17,"column":0},"end":{"line":17,"column":29}},"7":{"start":{"line":19,"column":0},"end":{"line":19,"column":35}},"8":{"start":{"line":21,"column":0},"end":{"line":21,"column":38}},"9":{"start":{"line":23,"column":0},"end":{"line":23,"column":24}}},"fnMap":{},"branchMap":{},"s":{"0":3,"1":3,"2":3,"3":3,"4":3,"5":3,"6":3,"7":3,"8":3,"9":3},"f":{},"b":{},"_coverageSchema":"1a1c01bbd47fc00a2c39e90264f33305004495a9","hash":"bd9066ad015483ade24c90b652156d5afff36680"}
,"/Users/moussia/Desktop/esgi/2em année/2em semestre/projettestfonctionnel/routes/users.js": {"path":"/Users/moussia/Desktop/esgi/2em année/2em semestre/projettestfonctionnel/routes/users.js","statementMap":{"0":{"start":{"line":1,"column":16},"end":{"line":1,"column":34}},"1":{"start":{"line":2,"column":15},"end":{"line":2,"column":31}},"2":{"start":{"line":3,"column":58},"end":{"line":3,"column":92}},"3":{"start":{"line":4,"column":20},"end":{"line":4,"column":56}},"4":{"start":{"line":5,"column":28},"end":{"line":5,"column":72}},"5":{"start":{"line":6,"column":27},"end":{"line":6,"column":73}},"6":{"start":{"line":8,"column":19},"end":{"line":8,"column":28}},"7":{"start":{"line":10,"column":0},"end":{"line":10,"column":55}},"8":{"start":{"line":11,"column":0},"end":{"line":11,"column":57}},"9":{"start":{"line":12,"column":0},"end":{"line":12,"column":56}},"10":{"start":{"line":13,"column":0},"end":{"line":13,"column":55}},"11":{"start":{"line":15,"column":0},"end":{"line":15,"column":28}}},"fnMap":{},"branchMap":{},"s":{"0":3,"1":3,"2":3,"3":3,"4":3,"5":3,"6":3,"7":3,"8":3,"9":3,"10":3,"11":3},"f":{},"b":{},"_coverageSchema":"1a1c01bbd47fc00a2c39e90264f33305004495a9","hash":"78f23d17d4d12ff41ae4c785651e7240d2404c77"}
,"/Users/moussia/Desktop/esgi/2em année/2em semestre/projettestfonctionnel/routes/wishlists.js": {"path":"/Users/moussia/Desktop/esgi/2em année/2em semestre/projettestfonctionnel/routes/wishlists.js","statementMap":{"0":{"start":{"line":1,"column":16},"end":{"line":1,"column":34}},"1":{"start":{"line":2,"column":15},"end":{"line":2,"column":31}},"2":{"start":{"line":10,"column":4},"end":{"line":10,"column":42}},"3":{"start":{"line":12,"column":0},"end":{"line":12,"column":30}},"4":{"start":{"line":14,"column":0},"end":{"line":14,"column":40}},"5":{"start":{"line":16,"column":0},"end":{"line":16,"column":33}},"6":{"start":{"line":18,"column":0},"end":{"line":18,"column":43}},"7":{"start":{"line":20,"column":0},"end":{"line":20,"column":46}},"8":{"start":{"line":22,"column":0},"end":{"line":22,"column":24}}},"fnMap":{},"branchMap":{},"s":{"0":3,"1":3,"2":3,"3":3,"4":3,"5":3,"6":3,"7":3,"8":3},"f":{},"b":{},"_coverageSchema":"1a1c01bbd47fc00a2c39e90264f33305004495a9","hash":"57eaff6caf4748ce85a85db49b10e357b57f812a"}
}
